{
  message: 'example app listening on port 8011',
  level: 'info',
  timestamp: '2023-07-18T01:58:31.152Z'
}
{
  message: 'example app listening on port 8011',
  level: 'info',
  timestamp: '2023-07-18T02:03:44.946Z'
}
{
  message: 'example app listening on port 8011',
  level: 'info',
  timestamp: '2023-07-24T14:44:38.676Z'
}
{
  message: 'example app listening on port 8011',
  level: 'info',
  timestamp: '2023-07-24T14:44:41.736Z'
}
{
  message: 'example app listening on port 8011',
  level: 'info',
  timestamp: '2023-07-24T14:45:34.877Z'
}
{
  message: 'example app listening on port 8011',
  level: 'info',
  timestamp: '2023-07-24T14:48:09.225Z'
}
{
  message: 'example app listening on port 8011',
  level: 'info',
  timestamp: '2023-07-24T15:10:02.744Z'
}
{
  message: 'example app listening on port 8011',
  level: 'info',
  timestamp: '2023-07-24T15:48:32.644Z'
}
{
  message: 'example app listening on port 8011',
  level: 'info',
  timestamp: '2023-07-24T15:52:42.066Z'
}
{
  message: 'example app listening on port 8011',
  level: 'info',
  timestamp: '2023-07-24T15:52:56.588Z'
}
{
  message: 'example app listening on port 8011',
  level: 'info',
  timestamp: '2023-07-24T15:54:00.227Z'
}
{
  message: 'example app listening on port 8011',
  level: 'info',
  timestamp: '2023-07-24T15:54:24.953Z'
}
{
  message: 'example app listening on port 8011',
  level: 'info',
  timestamp: '2023-07-24T16:05:07.838Z'
}
{
  message: 'example app listening on port 8011',
  level: 'info',
  timestamp: '2023-07-24T16:07:22.110Z'
}
{
  message: 'example app listening on port 8011',
  level: 'info',
  timestamp: '2023-07-24T16:07:24.058Z'
}
{
  message: 'example app listening on port 8011',
  level: 'info',
  timestamp: '2023-07-24T16:17:03.432Z'
}
{
  message: 'example app listening on port 8011',
  level: 'info',
  timestamp: '2023-07-24T16:17:15.916Z'
}
{
  message: 'example app listening on port 8011',
  level: 'info',
  timestamp: '2023-07-24T16:17:23.490Z'
}
{
  message: 'example app listening on port 8011',
  level: 'info',
  timestamp: '2023-07-24T16:17:58.467Z'
}
{
  message: 'example app listening on port 8011',
  level: 'info',
  timestamp: '2023-07-24T16:18:10.197Z'
}
{
  message: 'example app listening on port 8011',
  level: 'info',
  timestamp: '2023-07-24T16:18:27.819Z'
}
{
  message: 'example app listening on port 8011',
  level: 'info',
  timestamp: '2023-07-24T16:18:31.366Z'
}
{
  message: 'addNewUser API started PID 5357189530 and Provided Data {"firstName":"Radha","lastName":"jain","password":"123457","address":"Kolkata","emailId":"ravish.j@gmail.com","mobileNo":"9875632158"}',
  level: 'info',
  timestamp: '2023-07-24T16:19:14.549Z'
}
{
  message: 'example app listening on port 8011',
  level: 'info',
  timestamp: '2023-08-07T01:56:27.618Z'
}
{
  message: 'example app listening on port 8012',
  level: 'info',
  timestamp: '2023-08-07T01:57:07.695Z'
}
{
  message: 'example app listening on port 8012',
  level: 'info',
  timestamp: '2023-08-07T01:57:19.115Z'
}
{
  message: 'example app listening on port 8012',
  level: 'info',
  timestamp: '2023-08-07T02:23:33.822Z'
}
{
  message: 'example app listening on port 8012',
  level: 'info',
  timestamp: '2023-08-07T02:23:55.212Z'
}
{
  message: 'example app listening on port 7070',
  level: 'info',
  timestamp: '2023-08-07T02:24:11.042Z'
}
{
  message: 'example app listening on port 8013',
  level: 'info',
  timestamp: '2023-08-07T02:31:40.308Z'
}
{
  message: 'example app listening on port 8013',
  level: 'info',
  timestamp: '2023-08-15T12:51:18.327Z'
}
{
  message: 'example app listening on port 8014',
  level: 'info',
  timestamp: '2023-08-15T12:56:16.975Z'
}
{
  message: 'example app listening on port 8014',
  level: 'info',
  timestamp: '2023-08-15T12:57:44.696Z'
}
